2013/02/16 11:46:46 [error] [php] date(): It is not safe to rely on the system's timezone settings. You are *required* to use the date.timezone setting or the date_default_timezone_set() function. In case you used any of those methods and you are still getting this warning, you most likely misspelled the timezone identifier. We selected 'Asia/Karachi' for 'PKT/5.0/no DST' instead (/var/www/html/protected/views/layouts/main.php:51)
Stack trace:
#0 /var/www/html/framework/web/CBaseController.php(96): SiteController->renderInternal()
#1 /var/www/html/framework/web/widgets/CContentDecorator.php(77): SiteController->renderFile()
#2 /var/www/html/framework/web/widgets/CContentDecorator.php(55): CContentDecorator->decorate()
#3 /var/www/html/framework/web/widgets/COutputProcessor.php(45): CContentDecorator->processOutput()
#4 /var/www/html/framework/web/CBaseController.php(207): CContentDecorator->run()
#5 /var/www/html/framework/web/CBaseController.php(301): SiteController->endWidget()
#6 /var/www/html/protected/views/layouts/column1.php(6): SiteController->endContent()
#7 /var/www/html/framework/web/CBaseController.php(127): require()
#8 /var/www/html/framework/web/CBaseController.php(96): SiteController->renderInternal()
#9 /var/www/html/framework/web/CController.php(785): SiteController->renderFile()
#10 /var/www/html/protected/controllers/SiteController.php(32): SiteController->render()
#11 /var/www/html/framework/web/actions/CInlineAction.php(50): SiteController->actionIndex()
#12 /var/www/html/framework/web/CController.php(309): CInlineAction->runWithParams()
#13 /var/www/html/framework/web/CController.php(287): SiteController->runAction()
#14 /var/www/html/framework/web/CController.php(266): SiteController->runActionWithFilters()
#15 /var/www/html/framework/web/CWebApplication.php(283): SiteController->run()
#16 /var/www/html/framework/web/CWebApplication.php(142): CWebApplication->runController()
#17 /var/www/html/framework/base/CApplication.php(162): CWebApplication->processRequest()
#18 /var/www/html/index.php(13): CWebApplication->run()
REQUEST_URI=/
in /var/www/html/protected/views/layouts/main.php (51)
in /var/www/html/protected/views/layouts/column1.php (6)
in /var/www/html/protected/controllers/SiteController.php (32)
2013/02/16 11:48:25 [error] [php] date(): It is not safe to rely on the system's timezone settings. You are *required* to use the date.timezone setting or the date_default_timezone_set() function. In case you used any of those methods and you are still getting this warning, you most likely misspelled the timezone identifier. We selected 'Asia/Karachi' for 'PKT/5.0/no DST' instead (/var/www/html/protected/views/layouts/main.php:51)
Stack trace:
#0 /var/www/html/framework/web/CBaseController.php(96): SiteController->renderInternal()
#1 /var/www/html/framework/web/widgets/CContentDecorator.php(77): SiteController->renderFile()
#2 /var/www/html/framework/web/widgets/CContentDecorator.php(55): CContentDecorator->decorate()
#3 /var/www/html/framework/web/widgets/COutputProcessor.php(45): CContentDecorator->processOutput()
#4 /var/www/html/framework/web/CBaseController.php(207): CContentDecorator->run()
#5 /var/www/html/framework/web/CBaseController.php(301): SiteController->endWidget()
#6 /var/www/html/protected/views/layouts/column1.php(6): SiteController->endContent()
#7 /var/www/html/framework/web/CBaseController.php(127): require()
#8 /var/www/html/framework/web/CBaseController.php(96): SiteController->renderInternal()
#9 /var/www/html/framework/web/CController.php(785): SiteController->renderFile()
#10 /var/www/html/protected/controllers/SiteController.php(32): SiteController->render()
#11 /var/www/html/framework/web/actions/CInlineAction.php(50): SiteController->actionIndex()
#12 /var/www/html/framework/web/CController.php(309): CInlineAction->runWithParams()
#13 /var/www/html/framework/web/CController.php(287): SiteController->runAction()
#14 /var/www/html/framework/web/CController.php(266): SiteController->runActionWithFilters()
#15 /var/www/html/framework/web/CWebApplication.php(283): SiteController->run()
#16 /var/www/html/framework/web/CWebApplication.php(142): CWebApplication->runController()
#17 /var/www/html/framework/base/CApplication.php(162): CWebApplication->processRequest()
#18 /var/www/html/index.php(13): CWebApplication->run()
REQUEST_URI=/
in /var/www/html/protected/views/layouts/main.php (51)
in /var/www/html/protected/views/layouts/column1.php (6)
in /var/www/html/protected/controllers/SiteController.php (32)
2013/02/16 11:48:42 [error] [php] date(): It is not safe to rely on the system's timezone settings. You are *required* to use the date.timezone setting or the date_default_timezone_set() function. In case you used any of those methods and you are still getting this warning, you most likely misspelled the timezone identifier. We selected 'Asia/Karachi' for 'PKT/5.0/no DST' instead (/var/www/html/protected/views/layouts/main.php:51)
Stack trace:
#0 /var/www/html/framework/web/CBaseController.php(96): SiteController->renderInternal()
#1 /var/www/html/framework/web/widgets/CContentDecorator.php(77): SiteController->renderFile()
#2 /var/www/html/framework/web/widgets/CContentDecorator.php(55): CContentDecorator->decorate()
#3 /var/www/html/framework/web/widgets/COutputProcessor.php(45): CContentDecorator->processOutput()
#4 /var/www/html/framework/web/CBaseController.php(207): CContentDecorator->run()
#5 /var/www/html/framework/web/CBaseController.php(301): SiteController->endWidget()
#6 /var/www/html/protected/views/layouts/column1.php(6): SiteController->endContent()
#7 /var/www/html/framework/web/CBaseController.php(127): require()
#8 /var/www/html/framework/web/CBaseController.php(96): SiteController->renderInternal()
#9 /var/www/html/framework/web/CController.php(785): SiteController->renderFile()
#10 /var/www/html/protected/controllers/SiteController.php(32): SiteController->render()
#11 /var/www/html/framework/web/actions/CInlineAction.php(50): SiteController->actionIndex()
#12 /var/www/html/framework/web/CController.php(309): CInlineAction->runWithParams()
#13 /var/www/html/framework/web/CController.php(287): SiteController->runAction()
#14 /var/www/html/framework/web/CController.php(266): SiteController->runActionWithFilters()
#15 /var/www/html/framework/web/CWebApplication.php(283): SiteController->run()
#16 /var/www/html/framework/web/CWebApplication.php(142): CWebApplication->runController()
#17 /var/www/html/framework/base/CApplication.php(162): CWebApplication->processRequest()
#18 /var/www/html/index.php(13): CWebApplication->run()
REQUEST_URI=/
in /var/www/html/protected/views/layouts/main.php (51)
in /var/www/html/protected/views/layouts/column1.php (6)
in /var/www/html/protected/controllers/SiteController.php (32)
2013/02/16 11:49:34 [error] [php] date(): It is not safe to rely on the system's timezone settings. You are *required* to use the date.timezone setting or the date_default_timezone_set() function. In case you used any of those methods and you are still getting this warning, you most likely misspelled the timezone identifier. We selected 'Asia/Karachi' for 'PKT/5.0/no DST' instead (/var/www/html/protected/views/layouts/main.php:51)
Stack trace:
#0 /var/www/html/framework/web/CBaseController.php(96): SiteController->renderInternal()
#1 /var/www/html/framework/web/widgets/CContentDecorator.php(77): SiteController->renderFile()
#2 /var/www/html/framework/web/widgets/CContentDecorator.php(55): CContentDecorator->decorate()
#3 /var/www/html/framework/web/widgets/COutputProcessor.php(45): CContentDecorator->processOutput()
#4 /var/www/html/framework/web/CBaseController.php(207): CContentDecorator->run()
#5 /var/www/html/framework/web/CBaseController.php(301): SiteController->endWidget()
#6 /var/www/html/protected/views/layouts/column1.php(6): SiteController->endContent()
#7 /var/www/html/framework/web/CBaseController.php(127): require()
#8 /var/www/html/framework/web/CBaseController.php(96): SiteController->renderInternal()
#9 /var/www/html/framework/web/CController.php(785): SiteController->renderFile()
#10 /var/www/html/protected/controllers/SiteController.php(32): SiteController->render()
#11 /var/www/html/framework/web/actions/CInlineAction.php(50): SiteController->actionIndex()
#12 /var/www/html/framework/web/CController.php(309): CInlineAction->runWithParams()
#13 /var/www/html/framework/web/CController.php(287): SiteController->runAction()
#14 /var/www/html/framework/web/CController.php(266): SiteController->runActionWithFilters()
#15 /var/www/html/framework/web/CWebApplication.php(283): SiteController->run()
#16 /var/www/html/framework/web/CWebApplication.php(142): CWebApplication->runController()
#17 /var/www/html/framework/base/CApplication.php(162): CWebApplication->processRequest()
#18 /var/www/html/index.php(13): CWebApplication->run()
REQUEST_URI=/
in /var/www/html/protected/views/layouts/main.php (51)
in /var/www/html/protected/views/layouts/column1.php (6)
in /var/www/html/protected/controllers/SiteController.php (32)
2013/03/06 23:58:13 [error] [exception.CHttpException.403] exception 'CHttpException' with message 'You are not authorized to perform this action.' in /var/www/html/framework/web/auth/CAccessControlFilter.php:170
Stack trace:
#0 /var/www/html/framework/web/auth/CAccessControlFilter.php(133): CAccessControlFilter->accessDenied(Object(CWebUser), 'You are not aut...')
#1 /var/www/html/framework/web/filters/CFilter.php(39): CAccessControlFilter->preFilter(Object(CFilterChain))
#2 /var/www/html/framework/web/CController.php(1146): CFilter->filter(Object(CFilterChain))
#3 /var/www/html/framework/web/filters/CInlineFilter.php(59): CController->filterAccessControl(Object(CFilterChain))
#4 /var/www/html/framework/web/filters/CFilterChain.php(131): CInlineFilter->filter(Object(CFilterChain))
#5 /var/www/html/framework/web/CController.php(292): CFilterChain->run()
#6 /var/www/html/framework/web/CController.php(266): CController->runActionWithFilters(Object(CInlineAction), Array)
#7 /var/www/html/framework/web/CWebApplication.php(283): CController->run('admin')
#8 /var/www/html/framework/web/CWebApplication.php(142): CWebApplication->runController('categories/admi...')
#9 /var/www/html/framework/base/CApplication.php(162): CWebApplication->processRequest()
#10 /var/www/html/index.php(13): CApplication->run()
#11 {main}
REQUEST_URI=/index.php?r=categories/admin
HTTP_REFERER=http://localhost/index.php?r=categories/create
---
2013/03/07 00:21:48 [error] [exception.CException] exception 'CException' with message 'Property "Categories.sb_title" is not defined.' in /var/www/html/framework/base/CComponent.php:131
Stack trace:
#0 /var/www/html/framework/db/ar/CActiveRecord.php(144): CComponent->__get('sb_title')
#1 /var/www/html/framework/web/helpers/CHtml.php(1809): CActiveRecord->__get('sb_title')
#2 /var/www/html/framework/web/helpers/CHtml.php(1773): CHtml::value(Object(Categories), 'sb_title')
#3 /var/www/html/protected/views/links/_form.php(32): CHtml::listData(Array, 'sb_id', 'sb_title')
#4 /var/www/html/framework/web/CBaseController.php(127): require('/var/www/html/p...')
#5 /var/www/html/framework/web/CBaseController.php(96): CBaseController->renderInternal('/var/www/html/p...', Array, true)
#6 /var/www/html/framework/web/CController.php(870): CBaseController->renderFile('/var/www/html/p...', Array, true)
#7 /var/www/html/protected/views/links/create.php(18): CController->renderPartial('_form', Array)
#8 /var/www/html/framework/web/CBaseController.php(127): require('/var/www/html/p...')
#9 /var/www/html/framework/web/CBaseController.php(96): CBaseController->renderInternal('/var/www/html/p...', Array, true)
#10 /var/www/html/framework/web/CController.php(870): CBaseController->renderFile('/var/www/html/p...', Array, true)
#11 /var/www/html/framework/web/CController.php(783): CController->renderPartial('create', Array, true)
#12 /var/www/html/protected/controllers/LinksController.php(79): CController->render('create', Array)
#13 /var/www/html/framework/web/actions/CInlineAction.php(50): LinksController->actionCreate()
#14 /var/www/html/framework/web/CController.php(309): CInlineAction->runWithParams(Array)
#15 /var/www/html/framework/web/filters/CFilterChain.php(134): CController->runAction(Object(CInlineAction))
#16 /var/www/html/framework/web/filters/CFilter.php(41): CFilterChain->run()
#17 /var/www/html/framework/web/CController.php(1146): CFilter->filter(Object(CFilterChain))
#18 /var/www/html/framework/web/filters/CInlineFilter.php(59): CController->filterAccessControl(Object(CFilterChain))
#19 /var/www/html/framework/web/filters/CFilterChain.php(131): CInlineFilter->filter(Object(CFilterChain))
#20 /var/www/html/framework/web/CController.php(292): CFilterChain->run()
#21 /var/www/html/framework/web/CController.php(266): CController->runActionWithFilters(Object(CInlineAction), Array)
#22 /var/www/html/framework/web/CWebApplication.php(283): CController->run('create')
#23 /var/www/html/framework/web/CWebApplication.php(142): CWebApplication->runController('links/create')
#24 /var/www/html/framework/base/CApplication.php(162): CWebApplication->processRequest()
#25 /var/www/html/index.php(13): CApplication->run()
#26 {main}
REQUEST_URI=/index.php?r=links/create
HTTP_REFERER=http://localhost/index.php?r=links/index
---
2013/03/07 00:22:54 [error] [system.db.CDbCommand] CDbCommand::execute() failed: SQLSTATE[23000]: Integrity constraint violation: 1452 Cannot add or update a child row: a foreign key constraint fails (`rssposting`.`categories`, CONSTRAINT `categories_ibfk_1` FOREIGN KEY (`sb_id`) REFERENCES `links` (`sb_catid`)). The SQL statement executed was: INSERT INTO `categories` (`sb_catname`) VALUES (:yp0).
in /var/www/html/protected/controllers/CategoriesController.php (73)
in /var/www/html/index.php (13)
2013/03/07 00:22:54 [error] [exception.CDbException] exception 'CDbException' with message 'CDbCommand failed to execute the SQL statement: SQLSTATE[23000]: Integrity constraint violation: 1452 Cannot add or update a child row: a foreign key constraint fails (`rssposting`.`categories`, CONSTRAINT `categories_ibfk_1` FOREIGN KEY (`sb_id`) REFERENCES `links` (`sb_catid`)). The SQL statement executed was: INSERT INTO `categories` (`sb_catname`) VALUES (:yp0)' in /var/www/html/framework/db/CDbCommand.php:354
Stack trace:
#0 /var/www/html/framework/db/ar/CActiveRecord.php(1017): CDbCommand->execute()
#1 /var/www/html/framework/db/ar/CActiveRecord.php(796): CActiveRecord->insert(NULL)
#2 /var/www/html/protected/controllers/CategoriesController.php(73): CActiveRecord->save()
#3 /var/www/html/framework/web/actions/CInlineAction.php(50): CategoriesController->actionCreate()
#4 /var/www/html/framework/web/CController.php(309): CInlineAction->runWithParams(Array)
#5 /var/www/html/framework/web/filters/CFilterChain.php(134): CController->runAction(Object(CInlineAction))
#6 /var/www/html/framework/web/filters/CFilter.php(41): CFilterChain->run()
#7 /var/www/html/framework/web/CController.php(1146): CFilter->filter(Object(CFilterChain))
#8 /var/www/html/framework/web/filters/CInlineFilter.php(59): CController->filterAccessControl(Object(CFilterChain))
#9 /var/www/html/framework/web/filters/CFilterChain.php(131): CInlineFilter->filter(Object(CFilterChain))
#10 /var/www/html/framework/web/CController.php(292): CFilterChain->run()
#11 /var/www/html/framework/web/CController.php(266): CController->runActionWithFilters(Object(CInlineAction), Array)
#12 /var/www/html/framework/web/CWebApplication.php(283): CController->run('create')
#13 /var/www/html/framework/web/CWebApplication.php(142): CWebApplication->runController('categories/crea...')
#14 /var/www/html/framework/base/CApplication.php(162): CWebApplication->processRequest()
#15 /var/www/html/index.php(13): CApplication->run()
#16 {main}
REQUEST_URI=/index.php?r=categories/create
HTTP_REFERER=http://localhost/index.php?r=categories/create
---
2013/03/07 00:45:37 [error] [exception.CDbException] exception 'CDbException' with message 'Relation "sb_catname" is not defined in active record class "Categories".' in /var/www/html/framework/db/ar/CActiveFinder.php:216
Stack trace:
#0 /var/www/html/framework/db/ar/CActiveFinder.php(280): CActiveFinder->buildJoinTree(Object(CJoinElement), 'category.sb_cat...')
#1 /var/www/html/framework/db/ar/CActiveFinder.php(49): CActiveFinder->buildJoinTree(Object(CJoinElement), Array)
#2 /var/www/html/framework/db/ar/CActiveRecord.php(1295): CActiveFinder->__construct(Object(Links), Array)
#3 /var/www/html/framework/db/ar/CActiveRecord.php(1426): CActiveRecord->query(Object(CDbCriteria))
#4 /var/www/html/protected/views/links/index.php(16): CActiveRecord->findByPk(1)
#5 /var/www/html/framework/web/CBaseController.php(127): require('/var/www/html/p...')
#6 /var/www/html/framework/web/CBaseController.php(96): CBaseController->renderInternal('/var/www/html/p...', Array, true)
#7 /var/www/html/framework/web/CController.php(870): CBaseController->renderFile('/var/www/html/p...', Array, true)
#8 /var/www/html/framework/web/CController.php(783): CController->renderPartial('index', Array, true)
#9 /var/www/html/protected/controllers/LinksController.php(132): CController->render('index', Array)
#10 /var/www/html/framework/web/actions/CInlineAction.php(50): LinksController->actionIndex()
#11 /var/www/html/framework/web/CController.php(309): CInlineAction->runWithParams(Array)
#12 /var/www/html/framework/web/filters/CFilterChain.php(134): CController->runAction(Object(CInlineAction))
#13 /var/www/html/framework/web/filters/CFilter.php(41): CFilterChain->run()
#14 /var/www/html/framework/web/CController.php(1146): CFilter->filter(Object(CFilterChain))
#15 /var/www/html/framework/web/filters/CInlineFilter.php(59): CController->filterAccessControl(Object(CFilterChain))
#16 /var/www/html/framework/web/filters/CFilterChain.php(131): CInlineFilter->filter(Object(CFilterChain))
#17 /var/www/html/framework/web/CController.php(292): CFilterChain->run()
#18 /var/www/html/framework/web/CController.php(266): CController->runActionWithFilters(Object(CInlineAction), Array)
#19 /var/www/html/framework/web/CWebApplication.php(283): CController->run('')
#20 /var/www/html/framework/web/CWebApplication.php(142): CWebApplication->runController('links')
#21 /var/www/html/framework/base/CApplication.php(162): CWebApplication->processRequest()
#22 /var/www/html/index.php(13): CApplication->run()
#23 {main}
REQUEST_URI=/index.php?r=links&view=about
HTTP_REFERER=http://localhost/index.php?r=categories
---
2013/03/07 00:51:50 [error] [exception.CDbException] exception 'CDbException' with message 'Relation "sb_catname" is not defined in active record class "Categories".' in /var/www/html/framework/db/ar/CActiveFinder.php:216
Stack trace:
#0 /var/www/html/framework/db/ar/CActiveFinder.php(280): CActiveFinder->buildJoinTree(Object(CJoinElement), 'category.sb_cat...')
#1 /var/www/html/framework/db/ar/CActiveFinder.php(49): CActiveFinder->buildJoinTree(Object(CJoinElement), Array)
#2 /var/www/html/framework/db/ar/CActiveRecord.php(1295): CActiveFinder->__construct(Object(Links), Array)
#3 /var/www/html/framework/db/ar/CActiveRecord.php(1426): CActiveRecord->query(Object(CDbCriteria))
#4 /var/www/html/protected/views/links/index.php(16): CActiveRecord->findByPk(1)
#5 /var/www/html/framework/web/CBaseController.php(127): require('/var/www/html/p...')
#6 /var/www/html/framework/web/CBaseController.php(96): CBaseController->renderInternal('/var/www/html/p...', Array, true)
#7 /var/www/html/framework/web/CController.php(870): CBaseController->renderFile('/var/www/html/p...', Array, true)
#8 /var/www/html/framework/web/CController.php(783): CController->renderPartial('index', Array, true)
#9 /var/www/html/protected/controllers/LinksController.php(132): CController->render('index', Array)
#10 /var/www/html/framework/web/actions/CInlineAction.php(50): LinksController->actionIndex()
#11 /var/www/html/framework/web/CController.php(309): CInlineAction->runWithParams(Array)
#12 /var/www/html/framework/web/filters/CFilterChain.php(134): CController->runAction(Object(CInlineAction))
#13 /var/www/html/framework/web/filters/CFilter.php(41): CFilterChain->run()
#14 /var/www/html/framework/web/CController.php(1146): CFilter->filter(Object(CFilterChain))
#15 /var/www/html/framework/web/filters/CInlineFilter.php(59): CController->filterAccessControl(Object(CFilterChain))
#16 /var/www/html/framework/web/filters/CFilterChain.php(131): CInlineFilter->filter(Object(CFilterChain))
#17 /var/www/html/framework/web/CController.php(292): CFilterChain->run()
#18 /var/www/html/framework/web/CController.php(266): CController->runActionWithFilters(Object(CInlineAction), Array)
#19 /var/www/html/framework/web/CWebApplication.php(283): CController->run('')
#20 /var/www/html/framework/web/CWebApplication.php(142): CWebApplication->runController('links')
#21 /var/www/html/framework/base/CApplication.php(162): CWebApplication->processRequest()
#22 /var/www/html/index.php(13): CApplication->run()
#23 {main}
REQUEST_URI=/index.php?r=links&view=about
HTTP_REFERER=http://localhost/index.php?r=categories
---
2013/03/07 00:55:17 [error] [exception.CDbException] exception 'CDbException' with message 'Relation "sb_catname" is not defined in active record class "Categories".' in /var/www/html/framework/db/ar/CActiveFinder.php:216
Stack trace:
#0 /var/www/html/framework/db/ar/CActiveFinder.php(280): CActiveFinder->buildJoinTree(Object(CJoinElement), 'category.sb_cat...')
#1 /var/www/html/framework/db/ar/CActiveFinder.php(49): CActiveFinder->buildJoinTree(Object(CJoinElement), Array)
#2 /var/www/html/framework/db/ar/CActiveRecord.php(1295): CActiveFinder->__construct(Object(Links), Array)
#3 /var/www/html/framework/db/ar/CActiveRecord.php(1426): CActiveRecord->query(Object(CDbCriteria))
#4 /var/www/html/protected/views/links/index.php(16): CActiveRecord->findByPk(1)
#5 /var/www/html/framework/web/CBaseController.php(127): require('/var/www/html/p...')
#6 /var/www/html/framework/web/CBaseController.php(96): CBaseController->renderInternal('/var/www/html/p...', Array, true)
#7 /var/www/html/framework/web/CController.php(870): CBaseController->renderFile('/var/www/html/p...', Array, true)
#8 /var/www/html/framework/web/CController.php(783): CController->renderPartial('index', Array, true)
#9 /var/www/html/protected/controllers/LinksController.php(132): CController->render('index', Array)
#10 /var/www/html/framework/web/actions/CInlineAction.php(50): LinksController->actionIndex()
#11 /var/www/html/framework/web/CController.php(309): CInlineAction->runWithParams(Array)
#12 /var/www/html/framework/web/filters/CFilterChain.php(134): CController->runAction(Object(CInlineAction))
#13 /var/www/html/framework/web/filters/CFilter.php(41): CFilterChain->run()
#14 /var/www/html/framework/web/CController.php(1146): CFilter->filter(Object(CFilterChain))
#15 /var/www/html/framework/web/filters/CInlineFilter.php(59): CController->filterAccessControl(Object(CFilterChain))
#16 /var/www/html/framework/web/filters/CFilterChain.php(131): CInlineFilter->filter(Object(CFilterChain))
#17 /var/www/html/framework/web/CController.php(292): CFilterChain->run()
#18 /var/www/html/framework/web/CController.php(266): CController->runActionWithFilters(Object(CInlineAction), Array)
#19 /var/www/html/framework/web/CWebApplication.php(283): CController->run('')
#20 /var/www/html/framework/web/CWebApplication.php(142): CWebApplication->runController('links')
#21 /var/www/html/framework/base/CApplication.php(162): CWebApplication->processRequest()
#22 /var/www/html/index.php(13): CApplication->run()
#23 {main}
REQUEST_URI=/index.php?r=links&view=about
HTTP_REFERER=http://localhost/index.php?r=categories
---
2013/03/07 00:57:18 [error] [exception.CException] exception 'CException' with message 'Property "Links.sb_catname" is not defined.' in /var/www/html/framework/base/CComponent.php:131
Stack trace:
#0 /var/www/html/framework/db/ar/CActiveRecord.php(144): CComponent->__get('sb_catname')
#1 /var/www/html/protected/views/links/index.php(16): CActiveRecord->__get('sb_catname')
#2 /var/www/html/framework/web/CBaseController.php(127): require('/var/www/html/p...')
#3 /var/www/html/framework/web/CBaseController.php(96): CBaseController->renderInternal('/var/www/html/p...', Array, true)
#4 /var/www/html/framework/web/CController.php(870): CBaseController->renderFile('/var/www/html/p...', Array, true)
#5 /var/www/html/framework/web/CController.php(783): CController->renderPartial('index', Array, true)
#6 /var/www/html/protected/controllers/LinksController.php(132): CController->render('index', Array)
#7 /var/www/html/framework/web/actions/CInlineAction.php(50): LinksController->actionIndex()
#8 /var/www/html/framework/web/CController.php(309): CInlineAction->runWithParams(Array)
#9 /var/www/html/framework/web/filters/CFilterChain.php(134): CController->runAction(Object(CInlineAction))
#10 /var/www/html/framework/web/filters/CFilter.php(41): CFilterChain->run()
#11 /var/www/html/framework/web/CController.php(1146): CFilter->filter(Object(CFilterChain))
#12 /var/www/html/framework/web/filters/CInlineFilter.php(59): CController->filterAccessControl(Object(CFilterChain))
#13 /var/www/html/framework/web/filters/CFilterChain.php(131): CInlineFilter->filter(Object(CFilterChain))
#14 /var/www/html/framework/web/CController.php(292): CFilterChain->run()
#15 /var/www/html/framework/web/CController.php(266): CController->runActionWithFilters(Object(CInlineAction), Array)
#16 /var/www/html/framework/web/CWebApplication.php(283): CController->run('')
#17 /var/www/html/framework/web/CWebApplication.php(142): CWebApplication->runController('links')
#18 /var/www/html/framework/base/CApplication.php(162): CWebApplication->processRequest()
#19 /var/www/html/index.php(13): CApplication->run()
#20 {main}
REQUEST_URI=/index.php?r=links&view=about
HTTP_REFERER=http://localhost/index.php?r=categories
---
2013/03/07 01:03:35 [error] [exception.CException] exception 'CException' with message 'CDbCriteria and its behaviors do not have a method or closure named "with".' in /var/www/html/framework/base/CComponent.php:266
Stack trace:
#0 /var/www/html/protected/models/Links.php(87): CComponent->__call('with', Array)
#1 /var/www/html/protected/models/Links.php(87): CDbCriteria->with('category')
#2 /var/www/html/protected/views/links/admin.php(45): Links->search()
#3 /var/www/html/framework/web/CBaseController.php(127): require('/var/www/html/p...')
#4 /var/www/html/framework/web/CBaseController.php(96): CBaseController->renderInternal('/var/www/html/p...', Array, true)
#5 /var/www/html/framework/web/CController.php(870): CBaseController->renderFile('/var/www/html/p...', Array, true)
#6 /var/www/html/framework/web/CController.php(783): CController->renderPartial('admin', Array, true)
#7 /var/www/html/protected/controllers/LinksController.php(147): CController->render('admin', Array)
#8 /var/www/html/framework/web/actions/CInlineAction.php(50): LinksController->actionAdmin()
#9 /var/www/html/framework/web/CController.php(309): CInlineAction->runWithParams(Array)
#10 /var/www/html/framework/web/filters/CFilterChain.php(134): CController->runAction(Object(CInlineAction))
#11 /var/www/html/framework/web/filters/CFilter.php(41): CFilterChain->run()
#12 /var/www/html/framework/web/CController.php(1146): CFilter->filter(Object(CFilterChain))
#13 /var/www/html/framework/web/filters/CInlineFilter.php(59): CController->filterAccessControl(Object(CFilterChain))
#14 /var/www/html/framework/web/filters/CFilterChain.php(131): CInlineFilter->filter(Object(CFilterChain))
#15 /var/www/html/framework/web/CController.php(292): CFilterChain->run()
#16 /var/www/html/framework/web/CController.php(266): CController->runActionWithFilters(Object(CInlineAction), Array)
#17 /var/www/html/framework/web/CWebApplication.php(283): CController->run('admin')
#18 /var/www/html/framework/web/CWebApplication.php(142): CWebApplication->runController('links/admin')
#19 /var/www/html/framework/base/CApplication.php(162): CWebApplication->processRequest()
#20 /var/www/html/index.php(13): CApplication->run()
#21 {main}
REQUEST_URI=/index.php?r=links/admin
HTTP_REFERER=http://localhost/index.php?r=links/index
---
2013/03/07 01:38:31 [error] [exception.CException] exception 'CException' with message 'Alias "zii.widgets.CTreeView" is invalid. Make sure it points to an existing PHP file and the file is readable.' in /var/www/html/framework/YiiBase.php:318
Stack trace:
#0 /var/www/html/framework/web/CWidgetFactory.php(147): YiiBase::import('zii.widgets.CTr...', true)
#1 /var/www/html/framework/web/CBaseController.php(147): CWidgetFactory->createWidget(Object(LinksController), 'zii.widgets.CTr...', Array)
#2 /var/www/html/framework/web/CBaseController.php(173): CBaseController->createWidget('zii.widgets.CTr...', Array)
#3 /var/www/html/protected/views/layouts/column2.php(30): CBaseController->widget('zii.widgets.CTr...', Array)
#4 /var/www/html/framework/web/CBaseController.php(127): require('/var/www/html/p...')
#5 /var/www/html/framework/web/CBaseController.php(96): CBaseController->renderInternal('/var/www/html/p...', Array, true)
#6 /var/www/html/framework/web/CController.php(785): CBaseController->renderFile('/var/www/html/p...', Array, true)
#7 /var/www/html/protected/controllers/LinksController.php(132): CController->render('index', Array)
#8 /var/www/html/framework/web/actions/CInlineAction.php(50): LinksController->actionIndex()
#9 /var/www/html/framework/web/CController.php(309): CInlineAction->runWithParams(Array)
#10 /var/www/html/framework/web/filters/CFilterChain.php(134): CController->runAction(Object(CInlineAction))
#11 /var/www/html/framework/web/filters/CFilter.php(41): CFilterChain->run()
#12 /var/www/html/framework/web/CController.php(1146): CFilter->filter(Object(CFilterChain))
#13 /var/www/html/framework/web/filters/CInlineFilter.php(59): CController->filterAccessControl(Object(CFilterChain))
#14 /var/www/html/framework/web/filters/CFilterChain.php(131): CInlineFilter->filter(Object(CFilterChain))
#15 /var/www/html/framework/web/CController.php(292): CFilterChain->run()
#16 /var/www/html/framework/web/CController.php(266): CController->runActionWithFilters(Object(CInlineAction), Array)
#17 /var/www/html/framework/web/CWebApplication.php(283): CController->run('index')
#18 /var/www/html/framework/web/CWebApplication.php(142): CWebApplication->runController('links/index')
#19 /var/www/html/framework/base/CApplication.php(162): CWebApplication->processRequest()
#20 /var/www/html/index.php(13): CApplication->run()
#21 {main}
REQUEST_URI=/index.php?r=links/index
HTTP_REFERER=http://localhost/index.php?r=links/view&id=1
---
2013/03/07 02:11:20 [error] [system.db.CDbCommand] CDbCommand::fetchAll() failed: SQLSTATE[42000]: Syntax error or access violation: 1064 You have an error in your SQL syntax; check the manual that corresponds to your MySQL server version for the right syntax to use near 'limit 1)' at line 1. The SQL statement executed was: SELECT `t`.`sb_id` AS `t0_c0`, `t`.`sb_link` AS `t0_c1`, `t`.`sb_title` AS `t0_c2`, `t`.`sb_catid` AS `t0_c3`, `category`.`sb_id` AS `t1_c0`, `category`.`sb_catname` AS `t1_c1` FROM `links` `t`  LEFT OUTER JOIN `categories` `category` ON (`t`.`sb_catid`=`category`.`sb_id`)  WHERE (limit 1).
in /var/www/html/protected/controllers/FeedController.php (10)
in /var/www/html/index.php (14)
2013/03/07 02:11:20 [error] [exception.CDbException] exception 'CDbException' with message 'CDbCommand failed to execute the SQL statement: SQLSTATE[42000]: Syntax error or access violation: 1064 You have an error in your SQL syntax; check the manual that corresponds to your MySQL server version for the right syntax to use near 'limit 1)' at line 1. The SQL statement executed was: SELECT `t`.`sb_id` AS `t0_c0`, `t`.`sb_link` AS `t0_c1`, `t`.`sb_title` AS `t0_c2`, `t`.`sb_catid` AS `t0_c3`, `category`.`sb_id` AS `t1_c0`, `category`.`sb_catname` AS `t1_c1` FROM `links` `t`  LEFT OUTER JOIN `categories` `category` ON (`t`.`sb_catid`=`category`.`sb_id`)  WHERE (limit 1)' in /var/www/html/framework/db/CDbCommand.php:528
Stack trace:
#0 /var/www/html/framework/db/CDbCommand.php(390): CDbCommand->queryInternal('fetchAll', Array, Array)
#1 /var/www/html/framework/db/ar/CActiveFinder.php(784): CDbCommand->queryAll()
#2 /var/www/html/framework/db/ar/CActiveFinder.php(422): CJoinElement->runQuery(Object(CJoinQuery))
#3 /var/www/html/framework/db/ar/CActiveFinder.php(70): CJoinElement->find(Object(CDbCriteria))
#4 /var/www/html/framework/db/ar/CActiveRecord.php(1296): CActiveFinder->query(Object(CDbCriteria), true)
#5 /var/www/html/framework/db/ar/CActiveRecord.php(1410): CActiveRecord->query(Object(CDbCriteria), true)
#6 /var/www/html/protected/controllers/FeedController.php(10): CActiveRecord->findAll('limit 1')
#7 [internal function]: FeedController->actionIndex(NULL)
#8 /var/www/html/framework/web/actions/CAction.php(107): ReflectionMethod->invokeArgs(Object(FeedController), Array)
#9 /var/www/html/framework/web/actions/CInlineAction.php(48): CAction->runWithParamsInternal(Object(FeedController), Object(ReflectionMethod), Array)
#10 /var/www/html/framework/web/CController.php(309): CInlineAction->runWithParams(Array)
#11 /var/www/html/framework/web/CController.php(287): CController->runAction(Object(CInlineAction))
#12 /var/www/html/framework/web/CController.php(266): CController->runActionWithFilters(Object(CInlineAction), Array)
#13 /var/www/html/framework/web/CWebApplication.php(283): CController->run('')
#14 /var/www/html/framework/web/CWebApplication.php(142): CWebApplication->runController('feed')
#15 /var/www/html/framework/base/CApplication.php(162): CWebApplication->processRequest()
#16 /var/www/html/index.php(14): CApplication->run()
#17 {main}
REQUEST_URI=/index.php?r=feed
HTTP_REFERER=http://localhost/index.php?r=links
---
2013/03/07 02:20:28 [error] [php] Trying to get property of non-object (/var/www/html/protected/views/feed/index.php:7)
Stack trace:
#0 /var/www/html/framework/web/CController.php(870): FeedController->renderFile()
#1 /var/www/html/framework/web/CController.php(783): FeedController->renderPartial()
#2 /var/www/html/protected/controllers/FeedController.php(26): FeedController->render()
#3 /var/www/html/framework/web/actions/CInlineAction.php(50): FeedController->actionIndex()
#4 /var/www/html/framework/web/CController.php(309): CInlineAction->runWithParams()
#5 /var/www/html/framework/web/CController.php(287): FeedController->runAction()
#6 /var/www/html/framework/web/CController.php(266): FeedController->runActionWithFilters()
#7 /var/www/html/framework/web/CWebApplication.php(283): FeedController->run()
#8 /var/www/html/framework/web/CWebApplication.php(142): CWebApplication->runController()
#9 /var/www/html/framework/base/CApplication.php(162): CWebApplication->processRequest()
#10 /var/www/html/index.php(14): CWebApplication->run()
REQUEST_URI=/index.php?r=feed
in /var/www/html/protected/views/feed/index.php (7)
in /var/www/html/protected/controllers/FeedController.php (26)
in /var/www/html/index.php (14)
2013/03/07 02:21:22 [error] [php] Trying to get property of non-object (/var/www/html/protected/views/feed/index.php:7)
Stack trace:
#0 /var/www/html/framework/web/CController.php(870): FeedController->renderFile()
#1 /var/www/html/framework/web/CController.php(783): FeedController->renderPartial()
#2 /var/www/html/protected/controllers/FeedController.php(27): FeedController->render()
#3 /var/www/html/framework/web/actions/CInlineAction.php(50): FeedController->actionIndex()
#4 /var/www/html/framework/web/CController.php(309): CInlineAction->runWithParams()
#5 /var/www/html/framework/web/CController.php(287): FeedController->runAction()
#6 /var/www/html/framework/web/CController.php(266): FeedController->runActionWithFilters()
#7 /var/www/html/framework/web/CWebApplication.php(283): FeedController->run()
#8 /var/www/html/framework/web/CWebApplication.php(142): CWebApplication->runController()
#9 /var/www/html/framework/base/CApplication.php(162): CWebApplication->processRequest()
#10 /var/www/html/index.php(14): CWebApplication->run()
REQUEST_URI=/index.php?r=feed
in /var/www/html/protected/views/feed/index.php (7)
in /var/www/html/protected/controllers/FeedController.php (27)
in /var/www/html/index.php (14)
2013/03/07 02:22:36 [error] [php] Trying to get property of non-object (/var/www/html/protected/controllers/FeedController.php:24)
Stack trace:
#0 /var/www/html/framework/web/CController.php(287): FeedController->runAction()
#1 /var/www/html/framework/web/CController.php(266): FeedController->runActionWithFilters()
#2 /var/www/html/framework/web/CWebApplication.php(283): FeedController->run()
#3 /var/www/html/framework/web/CWebApplication.php(142): CWebApplication->runController()
#4 /var/www/html/framework/base/CApplication.php(162): CWebApplication->processRequest()
#5 /var/www/html/index.php(14): CWebApplication->run()
REQUEST_URI=/index.php?r=feed
in /var/www/html/protected/controllers/FeedController.php (24)
in /var/www/html/index.php (14)
2013/03/07 02:23:06 [error] [php] Trying to get property of non-object (/var/www/html/protected/controllers/FeedController.php:24)
Stack trace:
#0 /var/www/html/framework/web/CController.php(287): FeedController->runAction()
#1 /var/www/html/framework/web/CController.php(266): FeedController->runActionWithFilters()
#2 /var/www/html/framework/web/CWebApplication.php(283): FeedController->run()
#3 /var/www/html/framework/web/CWebApplication.php(142): CWebApplication->runController()
#4 /var/www/html/framework/base/CApplication.php(162): CWebApplication->processRequest()
#5 /var/www/html/index.php(14): CWebApplication->run()
REQUEST_URI=/index.php?r=feed
in /var/www/html/protected/controllers/FeedController.php (24)
in /var/www/html/index.php (14)
2013/03/07 02:24:07 [error] [system.db.CDbCommand] CDbCommand::fetchAll() failed: SQLSTATE[23000]: Integrity constraint violation: 1052 Column 'sb_id' in where clause is ambiguous. The SQL statement executed was: SELECT `t`.`sb_id` AS `t0_c0`, `t`.`sb_link` AS `t0_c1`, `t`.`sb_title` AS `t0_c2`, `t`.`sb_catid` AS `t0_c3`, `category`.`sb_id` AS `t1_c0`, `category`.`sb_catname` AS `t1_c1` FROM `links` `t`  LEFT OUTER JOIN `categories` `category` ON (`t`.`sb_catid`=`category`.`sb_id`)  WHERE (sb_id = :sb_id).
in /var/www/html/protected/controllers/FeedController.php (19)
in /var/www/html/index.php (14)
2013/03/07 02:24:07 [error] [exception.CDbException] exception 'CDbException' with message 'CDbCommand failed to execute the SQL statement: SQLSTATE[23000]: Integrity constraint violation: 1052 Column 'sb_id' in where clause is ambiguous. The SQL statement executed was: SELECT `t`.`sb_id` AS `t0_c0`, `t`.`sb_link` AS `t0_c1`, `t`.`sb_title` AS `t0_c2`, `t`.`sb_catid` AS `t0_c3`, `category`.`sb_id` AS `t1_c0`, `category`.`sb_catname` AS `t1_c1` FROM `links` `t`  LEFT OUTER JOIN `categories` `category` ON (`t`.`sb_catid`=`category`.`sb_id`)  WHERE (sb_id = :sb_id)' in /var/www/html/framework/db/CDbCommand.php:528
Stack trace:
#0 /var/www/html/framework/db/CDbCommand.php(390): CDbCommand->queryInternal('fetchAll', Array, Array)
#1 /var/www/html/framework/db/ar/CActiveFinder.php(784): CDbCommand->queryAll()
#2 /var/www/html/framework/db/ar/CActiveFinder.php(422): CJoinElement->runQuery(Object(CJoinQuery))
#3 /var/www/html/framework/db/ar/CActiveFinder.php(70): CJoinElement->find(Object(CDbCriteria))
#4 /var/www/html/framework/db/ar/CActiveRecord.php(1296): CActiveFinder->query(Object(CDbCriteria), true)
#5 /var/www/html/framework/db/ar/CActiveRecord.php(1410): CActiveRecord->query(Object(CDbCriteria), true)
#6 /var/www/html/protected/controllers/FeedController.php(19): CActiveRecord->findAll(Object(CDbCriteria))
#7 /var/www/html/framework/web/actions/CInlineAction.php(50): FeedController->actionIndex()
#8 /var/www/html/framework/web/CController.php(309): CInlineAction->runWithParams(Array)
#9 /var/www/html/framework/web/CController.php(287): CController->runAction(Object(CInlineAction))
#10 /var/www/html/framework/web/CController.php(266): CController->runActionWithFilters(Object(CInlineAction), Array)
#11 /var/www/html/framework/web/CWebApplication.php(283): CController->run('index')
#12 /var/www/html/framework/web/CWebApplication.php(142): CWebApplication->runController('feed/index')
#13 /var/www/html/framework/base/CApplication.php(162): CWebApplication->processRequest()
#14 /var/www/html/index.php(14): CApplication->run()
#15 {main}
REQUEST_URI=/index.php?r=feed/index&id=1
HTTP_REFERER=http://localhost/index.php?r=feed
---
2013/03/07 02:41:22 [error] [php] Undefined index: title (/var/www/html/protected/components/RSS.php:52)
Stack trace:
#0 /var/www/html/protected/components/RSS.php(112): RSS->parse()
#1 /var/www/html/protected/controllers/FeedController.php(9): RSS->RSS()
#2 /var/www/html/framework/web/actions/CInlineAction.php(50): FeedController->actionIndex()
#3 /var/www/html/framework/web/CController.php(309): CInlineAction->runWithParams()
#4 /var/www/html/framework/web/CController.php(287): FeedController->runAction()
#5 /var/www/html/framework/web/CController.php(266): FeedController->runActionWithFilters()
#6 /var/www/html/framework/web/CWebApplication.php(283): FeedController->run()
#7 /var/www/html/framework/web/CWebApplication.php(142): CWebApplication->runController()
#8 /var/www/html/framework/base/CApplication.php(162): CWebApplication->processRequest()
#9 /var/www/html/index.php(14): CWebApplication->run()
REQUEST_URI=/index.php?r=feed
in /var/www/html/protected/components/RSS.php (52)
in /var/www/html/protected/components/RSS.php (125)
in /var/www/html/protected/components/RSS.php (112)
2013/03/07 03:20:09 [error] [php] Object of class stdClass could not be converted to string (/var/www/html/framework/db/schema/CDbCommandBuilder.php:358)
Stack trace:
#0 /var/www/html/framework/db/ar/CActiveRecord.php(1410): Links->query()
#1 /var/www/html/protected/controllers/FeedController.php(16): Links->findAll()
#2 /var/www/html/framework/web/actions/CInlineAction.php(50): FeedController->actionIndex()
#3 /var/www/html/framework/web/CController.php(309): CInlineAction->runWithParams()
#4 /var/www/html/framework/web/CController.php(287): FeedController->runAction()
#5 /var/www/html/framework/web/CController.php(266): FeedController->runActionWithFilters()
#6 /var/www/html/framework/web/CWebApplication.php(283): FeedController->run()
#7 /var/www/html/framework/web/CWebApplication.php(142): CWebApplication->runController()
#8 /var/www/html/framework/base/CApplication.php(162): CWebApplication->processRequest()
#9 /var/www/html/index.php(14): CWebApplication->run()
REQUEST_URI=/index.php?r=feed/index&id=1
in /var/www/html/protected/controllers/FeedController.php (16)
in /var/www/html/index.php (14)
2013/03/07 03:20:44 [error] [php] Object of class stdClass could not be converted to string (/var/www/html/framework/db/schema/CDbCommandBuilder.php:358)
Stack trace:
#0 /var/www/html/framework/db/ar/CActiveRecord.php(1410): Links->query()
#1 /var/www/html/protected/controllers/FeedController.php(16): Links->findAll()
#2 /var/www/html/framework/web/actions/CInlineAction.php(50): FeedController->actionIndex()
#3 /var/www/html/framework/web/CController.php(309): CInlineAction->runWithParams()
#4 /var/www/html/framework/web/CController.php(287): FeedController->runAction()
#5 /var/www/html/framework/web/CController.php(266): FeedController->runActionWithFilters()
#6 /var/www/html/framework/web/CWebApplication.php(283): FeedController->run()
#7 /var/www/html/framework/web/CWebApplication.php(142): CWebApplication->runController()
#8 /var/www/html/framework/base/CApplication.php(162): CWebApplication->processRequest()
#9 /var/www/html/index.php(14): CWebApplication->run()
REQUEST_URI=/index.php?r=feed/index&id=1
in /var/www/html/protected/controllers/FeedController.php (16)
in /var/www/html/index.php (14)
2013/03/07 03:21:02 [error] [php] Object of class stdClass could not be converted to string (/var/www/html/framework/db/schema/CDbCommandBuilder.php:358)
Stack trace:
#0 /var/www/html/framework/db/ar/CActiveRecord.php(1410): Links->query()
#1 /var/www/html/protected/controllers/FeedController.php(11): Links->findAll()
#2 /var/www/html/framework/web/actions/CInlineAction.php(50): FeedController->actionIndex()
#3 /var/www/html/framework/web/CController.php(309): CInlineAction->runWithParams()
#4 /var/www/html/framework/web/CController.php(287): FeedController->runAction()
#5 /var/www/html/framework/web/CController.php(266): FeedController->runActionWithFilters()
#6 /var/www/html/framework/web/CWebApplication.php(283): FeedController->run()
#7 /var/www/html/framework/web/CWebApplication.php(142): CWebApplication->runController()
#8 /var/www/html/framework/base/CApplication.php(162): CWebApplication->processRequest()
#9 /var/www/html/index.php(14): CWebApplication->run()
REQUEST_URI=/index.php?r=feed
in /var/www/html/protected/controllers/FeedController.php (11)
in /var/www/html/index.php (14)
2013/03/07 03:22:09 [error] [php] Object of class stdClass could not be converted to string (/var/www/html/framework/db/schema/CDbCommandBuilder.php:358)
Stack trace:
#0 /var/www/html/framework/db/ar/CActiveRecord.php(1410): Links->query()
#1 /var/www/html/protected/controllers/FeedController.php(11): Links->findAll()
#2 /var/www/html/framework/web/actions/CInlineAction.php(50): FeedController->actionIndex()
#3 /var/www/html/framework/web/CController.php(309): CInlineAction->runWithParams()
#4 /var/www/html/framework/web/CController.php(287): FeedController->runAction()
#5 /var/www/html/framework/web/CController.php(266): FeedController->runActionWithFilters()
#6 /var/www/html/framework/web/CWebApplication.php(283): FeedController->run()
#7 /var/www/html/framework/web/CWebApplication.php(142): CWebApplication->runController()
#8 /var/www/html/framework/base/CApplication.php(162): CWebApplication->processRequest()
#9 /var/www/html/index.php(14): CWebApplication->run()
REQUEST_URI=/index.php?r=feed
in /var/www/html/protected/controllers/FeedController.php (11)
in /var/www/html/index.php (14)
2013/03/07 03:22:18 [error] [php] Object of class stdClass could not be converted to string (/var/www/html/framework/db/schema/CDbCommandBuilder.php:358)
Stack trace:
#0 /var/www/html/framework/db/ar/CActiveRecord.php(1410): Links->query()
#1 /var/www/html/protected/controllers/FeedController.php(16): Links->findAll()
#2 /var/www/html/framework/web/actions/CInlineAction.php(50): FeedController->actionIndex()
#3 /var/www/html/framework/web/CController.php(309): CInlineAction->runWithParams()
#4 /var/www/html/framework/web/CController.php(287): FeedController->runAction()
#5 /var/www/html/framework/web/CController.php(266): FeedController->runActionWithFilters()
#6 /var/www/html/framework/web/CWebApplication.php(283): FeedController->run()
#7 /var/www/html/framework/web/CWebApplication.php(142): CWebApplication->runController()
#8 /var/www/html/framework/base/CApplication.php(162): CWebApplication->processRequest()
#9 /var/www/html/index.php(14): CWebApplication->run()
REQUEST_URI=/index.php?r=feed/index&id=1
in /var/www/html/protected/controllers/FeedController.php (16)
in /var/www/html/index.php (14)
2013/03/07 03:22:24 [error] [php] Object of class stdClass could not be converted to string (/var/www/html/framework/db/schema/CDbCommandBuilder.php:358)
Stack trace:
#0 /var/www/html/framework/db/ar/CActiveRecord.php(1410): Links->query()
#1 /var/www/html/protected/controllers/FeedController.php(16): Links->findAll()
#2 /var/www/html/framework/web/actions/CInlineAction.php(50): FeedController->actionIndex()
#3 /var/www/html/framework/web/CController.php(309): CInlineAction->runWithParams()
#4 /var/www/html/framework/web/CController.php(287): FeedController->runAction()
#5 /var/www/html/framework/web/CController.php(266): FeedController->runActionWithFilters()
#6 /var/www/html/framework/web/CWebApplication.php(283): FeedController->run()
#7 /var/www/html/framework/web/CWebApplication.php(142): CWebApplication->runController()
#8 /var/www/html/framework/base/CApplication.php(162): CWebApplication->processRequest()
#9 /var/www/html/index.php(14): CWebApplication->run()
REQUEST_URI=/index.php?r=feed/index&id=1
in /var/www/html/protected/controllers/FeedController.php (16)
in /var/www/html/index.php (14)
2013/03/07 03:22:27 [error] [php] Object of class stdClass could not be converted to string (/var/www/html/framework/db/schema/CDbCommandBuilder.php:358)
Stack trace:
#0 /var/www/html/framework/db/ar/CActiveRecord.php(1410): Links->query()
#1 /var/www/html/protected/controllers/FeedController.php(16): Links->findAll()
#2 /var/www/html/framework/web/actions/CInlineAction.php(50): FeedController->actionIndex()
#3 /var/www/html/framework/web/CController.php(309): CInlineAction->runWithParams()
#4 /var/www/html/framework/web/CController.php(287): FeedController->runAction()
#5 /var/www/html/framework/web/CController.php(266): FeedController->runActionWithFilters()
#6 /var/www/html/framework/web/CWebApplication.php(283): FeedController->run()
#7 /var/www/html/framework/web/CWebApplication.php(142): CWebApplication->runController()
#8 /var/www/html/framework/base/CApplication.php(162): CWebApplication->processRequest()
#9 /var/www/html/index.php(14): CWebApplication->run()
REQUEST_URI=/index.php?r=feed/index&id=2
in /var/www/html/protected/controllers/FeedController.php (16)
in /var/www/html/index.php (14)
2013/03/07 03:23:39 [error] [php] Object of class stdClass could not be converted to string (/var/www/html/framework/db/schema/CDbCommandBuilder.php:358)
Stack trace:
#0 /var/www/html/framework/db/ar/CActiveRecord.php(1410): Links->query()
#1 /var/www/html/protected/controllers/FeedController.php(16): Links->findAll()
#2 /var/www/html/framework/web/actions/CInlineAction.php(50): FeedController->actionIndex()
#3 /var/www/html/framework/web/CController.php(309): CInlineAction->runWithParams()
#4 /var/www/html/framework/web/CController.php(287): FeedController->runAction()
#5 /var/www/html/framework/web/CController.php(266): FeedController->runActionWithFilters()
#6 /var/www/html/framework/web/CWebApplication.php(283): FeedController->run()
#7 /var/www/html/framework/web/CWebApplication.php(142): CWebApplication->runController()
#8 /var/www/html/framework/base/CApplication.php(162): CWebApplication->processRequest()
#9 /var/www/html/index.php(14): CWebApplication->run()
REQUEST_URI=/index.php?r=feed/index&id=2
in /var/www/html/protected/controllers/FeedController.php (16)
in /var/www/html/index.php (14)
2013/03/07 03:24:54 [error] [php] Object of class stdClass could not be converted to string (/var/www/html/framework/db/schema/CDbCommandBuilder.php:358)
Stack trace:
#0 /var/www/html/framework/db/ar/CActiveRecord.php(1410): Links->query()
#1 /var/www/html/protected/controllers/FeedController.php(16): Links->findAll()
#2 /var/www/html/framework/web/actions/CInlineAction.php(50): FeedController->actionIndex()
#3 /var/www/html/framework/web/CController.php(309): CInlineAction->runWithParams()
#4 /var/www/html/framework/web/CController.php(287): FeedController->runAction()
#5 /var/www/html/framework/web/CController.php(266): FeedController->runActionWithFilters()
#6 /var/www/html/framework/web/CWebApplication.php(283): FeedController->run()
#7 /var/www/html/framework/web/CWebApplication.php(142): CWebApplication->runController()
#8 /var/www/html/framework/base/CApplication.php(162): CWebApplication->processRequest()
#9 /var/www/html/index.php(14): CWebApplication->run()
REQUEST_URI=/index.php?r=feed/index&id=2
in /var/www/html/protected/controllers/FeedController.php (16)
in /var/www/html/index.php (14)
2013/03/07 03:25:57 [error] [php] Object of class stdClass could not be converted to string (/var/www/html/framework/db/schema/CDbCommandBuilder.php:358)
Stack trace:
#0 /var/www/html/framework/db/ar/CActiveRecord.php(1410): Links->query()
#1 /var/www/html/protected/controllers/FeedController.php(17): Links->findAll()
#2 /var/www/html/framework/web/actions/CInlineAction.php(50): FeedController->actionIndex()
#3 /var/www/html/framework/web/CController.php(309): CInlineAction->runWithParams()
#4 /var/www/html/framework/web/CController.php(287): FeedController->runAction()
#5 /var/www/html/framework/web/CController.php(266): FeedController->runActionWithFilters()
#6 /var/www/html/framework/web/CWebApplication.php(283): FeedController->run()
#7 /var/www/html/framework/web/CWebApplication.php(142): CWebApplication->runController()
#8 /var/www/html/framework/base/CApplication.php(162): CWebApplication->processRequest()
#9 /var/www/html/index.php(14): CWebApplication->run()
REQUEST_URI=/index.php?r=feed/index&id=2
in /var/www/html/protected/controllers/FeedController.php (17)
in /var/www/html/index.php (14)
2013/03/07 03:26:16 [error] [php] Object of class stdClass could not be converted to string (/var/www/html/framework/db/schema/CDbCommandBuilder.php:358)
Stack trace:
#0 /var/www/html/framework/db/ar/CActiveRecord.php(1410): Links->query()
#1 /var/www/html/protected/controllers/FeedController.php(17): Links->findAll()
#2 /var/www/html/framework/web/actions/CInlineAction.php(50): FeedController->actionIndex()
#3 /var/www/html/framework/web/CController.php(309): CInlineAction->runWithParams()
#4 /var/www/html/framework/web/CController.php(287): FeedController->runAction()
#5 /var/www/html/framework/web/CController.php(266): FeedController->runActionWithFilters()
#6 /var/www/html/framework/web/CWebApplication.php(283): FeedController->run()
#7 /var/www/html/framework/web/CWebApplication.php(142): CWebApplication->runController()
#8 /var/www/html/framework/base/CApplication.php(162): CWebApplication->processRequest()
#9 /var/www/html/index.php(14): CWebApplication->run()
REQUEST_URI=/index.php?r=feed/index&id=2
in /var/www/html/protected/controllers/FeedController.php (17)
in /var/www/html/index.php (14)
2013/03/08 02:17:35 [error] [exception.CException] exception 'CException' with message 'FeedController and its behaviors do not have a method or closure named "getWpCategories".' in /var/www/html/framework/base/CComponent.php:266
Stack trace:
#0 /var/www/html/protected/views/feed/_view.php(15): CComponent->__call('getWpCategories', Array)
#1 /var/www/html/protected/views/feed/_view.php(15): FeedController->getWpCategories()
#2 /var/www/html/framework/web/CBaseController.php(131): require('/var/www/html/p...')
#3 /var/www/html/framework/web/CBaseController.php(96): CBaseController->renderInternal('/var/www/html/p...', Array, false)
#4 /var/www/html/framework/zii/widgets/CListView.php(260): CBaseController->renderFile('/var/www/html/p...', Array)
#5 /var/www/html/framework/zii/widgets/CBaseListView.php(161): CListView->renderItems()
#6 [internal function]: CBaseListView->renderSection(Array)
#7 /var/www/html/framework/zii/widgets/CBaseListView.php(144): preg_replace_callback('/{(\w+)}/', Array, '{summary}?{sort...')
#8 /var/www/html/framework/zii/widgets/CBaseListView.php(129): CBaseListView->renderContent()
#9 /var/www/html/framework/web/CBaseController.php(174): CBaseListView->run()
#10 /var/www/html/protected/views/feed/index.php(16): CBaseController->widget('zii.widgets.CLi...', Array)
#11 /var/www/html/framework/web/CBaseController.php(127): require('/var/www/html/p...')
#12 /var/www/html/framework/web/CBaseController.php(96): CBaseController->renderInternal('/var/www/html/p...', Array, true)
#13 /var/www/html/framework/web/CController.php(870): CBaseController->renderFile('/var/www/html/p...', Array, true)
#14 /var/www/html/framework/web/CController.php(783): CController->renderPartial('index', Array, true)
#15 /var/www/html/protected/controllers/FeedController.php(40): CController->render('index', Array)
#16 /var/www/html/framework/web/actions/CInlineAction.php(50): FeedController->actionIndex()
#17 /var/www/html/framework/web/CController.php(309): CInlineAction->runWithParams(Array)
#18 /var/www/html/framework/web/CController.php(287): CController->runAction(Object(CInlineAction))
#19 /var/www/html/framework/web/CController.php(266): CController->runActionWithFilters(Object(CInlineAction), Array)
#20 /var/www/html/framework/web/CWebApplication.php(283): CController->run('')
#21 /var/www/html/framework/web/CWebApplication.php(142): CWebApplication->runController('feed')
#22 /var/www/html/framework/base/CApplication.php(162): CWebApplication->processRequest()
#23 /var/www/html/index.php(14): CApplication->run()
#24 {main}
REQUEST_URI=/index.php?r=feed
HTTP_REFERER=http://localhost/index.php?r=links/create
---
2013/03/08 02:18:06 [error] [php] Invalid argument supplied for foreach() (/var/www/html/framework/web/helpers/CHtml.php:1960)
Stack trace:
#0 /var/www/html/framework/web/CBaseController.php(131): require()
#1 /var/www/html/framework/web/CBaseController.php(96): FeedController->renderInternal()
#2 /var/www/html/framework/zii/widgets/CListView.php(260): FeedController->renderFile()
#3 /var/www/html/framework/zii/widgets/CBaseListView.php(161): CListView->renderItems()
#4 unknown(0): CListView->renderSection()
#5 /var/www/html/framework/zii/widgets/CBaseListView.php(144): preg_replace_callback()
#6 /var/www/html/framework/zii/widgets/CBaseListView.php(129): CListView->renderContent()
#7 /var/www/html/framework/web/CBaseController.php(174): CListView->run()
#8 /var/www/html/protected/views/feed/index.php(16): FeedController->widget()
#9 /var/www/html/framework/web/CBaseController.php(127): require()
#10 /var/www/html/framework/web/CBaseController.php(96): FeedController->renderInternal()
#11 /var/www/html/framework/web/CController.php(870): FeedController->renderFile()
#12 /var/www/html/framework/web/CController.php(783): FeedController->renderPartial()
#13 /var/www/html/protected/controllers/FeedController.php(40): FeedController->render()
#14 /var/www/html/framework/web/actions/CInlineAction.php(50): FeedController->actionIndex()
#15 /var/www/html/framework/web/CController.php(309): CInlineAction->runWithParams()
#16 /var/www/html/framework/web/CController.php(287): FeedController->runAction()
#17 /var/www/html/framework/web/CController.php(266): FeedController->runActionWithFilters()
#18 /var/www/html/framework/web/CWebApplication.php(283): FeedController->run()
#19 /var/www/html/framework/web/CWebApplication.php(142): CWebApplication->runController()
#20 /var/www/html/framework/base/CApplication.php(162): CWebApplication->processRequest()
#21 /var/www/html/index.php(14): CWebApplication->run()
REQUEST_URI=/index.php?r=feed
in /var/www/html/protected/views/feed/_view.php (18)
in /var/www/html/protected/views/feed/index.php (16)
in /var/www/html/protected/controllers/FeedController.php (40)
2013/03/08 02:43:38 [error] [php] Object of class FeedController could not be converted to string (/var/www/html/protected/views/feed/index.php:13)
Stack trace:
#0 /var/www/html/framework/web/CController.php(870): FeedController->renderFile()
#1 /var/www/html/framework/web/CController.php(783): FeedController->renderPartial()
#2 /var/www/html/protected/controllers/FeedController.php(40): FeedController->render()
#3 /var/www/html/framework/web/actions/CInlineAction.php(50): FeedController->actionIndex()
#4 /var/www/html/framework/web/CController.php(309): CInlineAction->runWithParams()
#5 /var/www/html/framework/web/CController.php(287): FeedController->runAction()
#6 /var/www/html/framework/web/CController.php(266): FeedController->runActionWithFilters()
#7 /var/www/html/framework/web/CWebApplication.php(283): FeedController->run()
#8 /var/www/html/framework/web/CWebApplication.php(142): CWebApplication->runController()
#9 /var/www/html/framework/base/CApplication.php(162): CWebApplication->processRequest()
#10 /var/www/html/index.php(14): CWebApplication->run()
REQUEST_URI=/index.php?r=feed
in /var/www/html/protected/views/feed/index.php (13)
in /var/www/html/protected/controllers/FeedController.php (40)
in /var/www/html/index.php (14)
2013/03/08 03:09:18 [error] [exception.CException] exception 'CException' with message 'Property "FeedController.post_date" is not defined.' in /var/www/html/framework/base/CComponent.php:131
Stack trace:
#0 /var/www/html/protected/controllers/FeedController.php(55): CComponent->__get('post_date')
#1 /var/www/html/framework/web/actions/CInlineAction.php(50): FeedController->actionSubmit()
#2 /var/www/html/framework/web/CController.php(309): CInlineAction->runWithParams(Array)
#3 /var/www/html/framework/web/CController.php(287): CController->runAction(Object(CInlineAction))
#4 /var/www/html/framework/web/CController.php(266): CController->runActionWithFilters(Object(CInlineAction), Array)
#5 /var/www/html/framework/web/CWebApplication.php(283): CController->run('submit')
#6 /var/www/html/framework/web/CWebApplication.php(142): CWebApplication->runController('feed/submit')
#7 /var/www/html/framework/base/CApplication.php(162): CWebApplication->processRequest()
#8 /var/www/html/index.php(14): CApplication->run()
#9 {main}
REQUEST_URI=/index.php?r=feed/submit
HTTP_REFERER=http://localhost/index.php?r=feed
---
2013/03/08 03:09:44 [error] [exception.CException] exception 'CException' with message 'Property "FeedController.post_date" is not defined.' in /var/www/html/framework/base/CComponent.php:131
Stack trace:
#0 /var/www/html/protected/controllers/FeedController.php(55): CComponent->__get('post_date')
#1 /var/www/html/framework/web/actions/CInlineAction.php(50): FeedController->actionSubmit()
#2 /var/www/html/framework/web/CController.php(309): CInlineAction->runWithParams(Array)
#3 /var/www/html/framework/web/CController.php(287): CController->runAction(Object(CInlineAction))
#4 /var/www/html/framework/web/CController.php(266): CController->runActionWithFilters(Object(CInlineAction), Array)
#5 /var/www/html/framework/web/CWebApplication.php(283): CController->run('submit')
#6 /var/www/html/framework/web/CWebApplication.php(142): CWebApplication->runController('feed/submit')
#7 /var/www/html/framework/base/CApplication.php(162): CWebApplication->processRequest()
#8 /var/www/html/index.php(14): CApplication->run()
#9 {main}
REQUEST_URI=/index.php?r=feed/submit
HTTP_REFERER=http://localhost/index.php?r=feed
---
2013/03/08 03:31:38 [error] [php] Invalid argument supplied for foreach() (/var/www/html/protected/controllers/FeedController.php:74)
Stack trace:
#0 /var/www/html/framework/web/CController.php(287): FeedController->runAction()
#1 /var/www/html/framework/web/CController.php(266): FeedController->runActionWithFilters()
#2 /var/www/html/framework/web/CWebApplication.php(283): FeedController->run()
#3 /var/www/html/framework/web/CWebApplication.php(142): CWebApplication->runController()
#4 /var/www/html/framework/base/CApplication.php(162): CWebApplication->processRequest()
#5 /var/www/html/index.php(14): CWebApplication->run()
REQUEST_URI=/index.php?r=feed/submit
in /var/www/html/protected/controllers/FeedController.php (74)
in /var/www/html/index.php (14)
2013/03/08 03:33:37 [error] [php] Invalid argument supplied for foreach() (/var/www/html/protected/controllers/FeedController.php:75)
Stack trace:
#0 /var/www/html/framework/web/CController.php(287): FeedController->runAction()
#1 /var/www/html/framework/web/CController.php(266): FeedController->runActionWithFilters()
#2 /var/www/html/framework/web/CWebApplication.php(283): FeedController->run()
#3 /var/www/html/framework/web/CWebApplication.php(142): CWebApplication->runController()
#4 /var/www/html/framework/base/CApplication.php(162): CWebApplication->processRequest()
#5 /var/www/html/index.php(14): CWebApplication->run()
REQUEST_URI=/index.php?r=feed/submit
in /var/www/html/protected/controllers/FeedController.php (75)
in /var/www/html/index.php (14)
2013/03/08 04:06:51 [error] [php] explode() expects at least 2 parameters, 1 given (/var/www/html/protected/controllers/FeedController.php:81)
Stack trace:
#0 /var/www/html/framework/web/CController.php(309): CInlineAction->runWithParams()
#1 /var/www/html/framework/web/CController.php(287): FeedController->runAction()
#2 /var/www/html/framework/web/CController.php(266): FeedController->runActionWithFilters()
#3 /var/www/html/framework/web/CWebApplication.php(283): FeedController->run()
#4 /var/www/html/framework/web/CWebApplication.php(142): CWebApplication->runController()
#5 /var/www/html/framework/base/CApplication.php(162): CWebApplication->processRequest()
#6 /var/www/html/index.php(14): CWebApplication->run()
REQUEST_URI=/index.php?r=feed/submit
in /var/www/html/protected/controllers/FeedController.php (81)
in /var/www/html/index.php (14)
2013/03/08 04:07:20 [error] [php] include(Term.php): failed to open stream: No such file or directory (/var/www/html/framework/YiiBase.php:423)
Stack trace:
#0 /var/www/html/protected/controllers/FeedController.php(84): spl_autoload_call()
#1 /var/www/html/framework/web/actions/CInlineAction.php(50): FeedController->actionSubmit()
#2 /var/www/html/framework/web/CController.php(309): CInlineAction->runWithParams()
#3 /var/www/html/framework/web/CController.php(287): FeedController->runAction()
#4 /var/www/html/framework/web/CController.php(266): FeedController->runActionWithFilters()
#5 /var/www/html/framework/web/CWebApplication.php(283): FeedController->run()
#6 /var/www/html/framework/web/CWebApplication.php(142): CWebApplication->runController()
#7 /var/www/html/framework/base/CApplication.php(162): CWebApplication->processRequest()
#8 /var/www/html/index.php(14): CWebApplication->run()
REQUEST_URI=/index.php?r=feed/submit
in /var/www/html/protected/controllers/FeedController.php (84)
in /var/www/html/index.php (14)
2013/03/08 04:28:56 [error] [system.db.CDbCommand] CDbCommand::execute() failed: SQLSTATE[23000]: Integrity constraint violation: 1062 Duplicate entry '17-0' for key 'PRIMARY'. The SQL statement executed was: INSERT INTO `wp_term_relationships` (`term_order`, `term_taxonomy_id`, `object_id`) VALUES (:yp0, :yp1, :yp2).
in /var/www/html/protected/controllers/FeedController.php (109)
in /var/www/html/index.php (14)
2013/03/08 04:28:56 [error] [exception.CDbException] exception 'CDbException' with message 'CDbCommand failed to execute the SQL statement: SQLSTATE[23000]: Integrity constraint violation: 1062 Duplicate entry '17-0' for key 'PRIMARY'. The SQL statement executed was: INSERT INTO `wp_term_relationships` (`term_order`, `term_taxonomy_id`, `object_id`) VALUES (:yp0, :yp1, :yp2)' in /var/www/html/framework/db/CDbCommand.php:354
Stack trace:
#0 /var/www/html/framework/db/ar/CActiveRecord.php(1017): CDbCommand->execute()
#1 /var/www/html/framework/db/ar/CActiveRecord.php(796): CActiveRecord->insert(NULL)
#2 /var/www/html/protected/controllers/FeedController.php(109): CActiveRecord->save()
#3 /var/www/html/framework/web/actions/CInlineAction.php(50): FeedController->actionSubmit()
#4 /var/www/html/framework/web/CController.php(309): CInlineAction->runWithParams(Array)
#5 /var/www/html/framework/web/CController.php(287): CController->runAction(Object(CInlineAction))
#6 /var/www/html/framework/web/CController.php(266): CController->runActionWithFilters(Object(CInlineAction), Array)
#7 /var/www/html/framework/web/CWebApplication.php(283): CController->run('submit')
#8 /var/www/html/framework/web/CWebApplication.php(142): CWebApplication->runController('feed/submit')
#9 /var/www/html/framework/base/CApplication.php(162): CWebApplication->processRequest()
#10 /var/www/html/index.php(14): CApplication->run()
#11 {main}
REQUEST_URI=/index.php?r=feed/submit
HTTP_REFERER=http://localhost/index.php?r=feed/index&id=3
---
2013/03/08 04:30:36 [error] [system.db.CDbCommand] CDbCommand::execute() failed: SQLSTATE[23000]: Integrity constraint violation: 1062 Duplicate entry '18-0' for key 'PRIMARY'. The SQL statement executed was: INSERT INTO `wp_term_relationships` (`term_order`, `term_taxonomy_id`, `object_id`) VALUES (:yp0, :yp1, :yp2).
in /var/www/html/protected/controllers/FeedController.php (109)
in /var/www/html/index.php (14)
2013/03/08 04:30:36 [error] [exception.CDbException] exception 'CDbException' with message 'CDbCommand failed to execute the SQL statement: SQLSTATE[23000]: Integrity constraint violation: 1062 Duplicate entry '18-0' for key 'PRIMARY'. The SQL statement executed was: INSERT INTO `wp_term_relationships` (`term_order`, `term_taxonomy_id`, `object_id`) VALUES (:yp0, :yp1, :yp2)' in /var/www/html/framework/db/CDbCommand.php:354
Stack trace:
#0 /var/www/html/framework/db/ar/CActiveRecord.php(1017): CDbCommand->execute()
#1 /var/www/html/framework/db/ar/CActiveRecord.php(796): CActiveRecord->insert(NULL)
#2 /var/www/html/protected/controllers/FeedController.php(109): CActiveRecord->save(false)
#3 /var/www/html/framework/web/actions/CInlineAction.php(50): FeedController->actionSubmit()
#4 /var/www/html/framework/web/CController.php(309): CInlineAction->runWithParams(Array)
#5 /var/www/html/framework/web/CController.php(287): CController->runAction(Object(CInlineAction))
#6 /var/www/html/framework/web/CController.php(266): CController->runActionWithFilters(Object(CInlineAction), Array)
#7 /var/www/html/framework/web/CWebApplication.php(283): CController->run('submit')
#8 /var/www/html/framework/web/CWebApplication.php(142): CWebApplication->runController('feed/submit')
#9 /var/www/html/framework/base/CApplication.php(162): CWebApplication->processRequest()
#10 /var/www/html/index.php(14): CApplication->run()
#11 {main}
REQUEST_URI=/index.php?r=feed/submit
HTTP_REFERER=http://localhost/index.php?r=feed/index&id=3
---
2013/03/08 04:39:10 [error] [system.db.CDbCommand] CDbCommand::execute() failed: SQLSTATE[23000]: Integrity constraint violation: 1062 Duplicate entry '19-0' for key 'PRIMARY'. The SQL statement executed was: INSERT INTO `wp_term_relationships` (`term_order`, `object_id`) VALUES (:yp0, :yp1).
in /var/www/html/protected/controllers/FeedController.php (110)
in /var/www/html/index.php (14)
2013/03/08 04:39:10 [error] [exception.CDbException] exception 'CDbException' with message 'CDbCommand failed to execute the SQL statement: SQLSTATE[23000]: Integrity constraint violation: 1062 Duplicate entry '19-0' for key 'PRIMARY'. The SQL statement executed was: INSERT INTO `wp_term_relationships` (`term_order`, `object_id`) VALUES (:yp0, :yp1)' in /var/www/html/framework/db/CDbCommand.php:354
Stack trace:
#0 /var/www/html/framework/db/ar/CActiveRecord.php(1017): CDbCommand->execute()
#1 /var/www/html/framework/db/ar/CActiveRecord.php(796): CActiveRecord->insert(NULL)
#2 /var/www/html/protected/controllers/FeedController.php(110): CActiveRecord->save(false)
#3 /var/www/html/framework/web/actions/CInlineAction.php(50): FeedController->actionSubmit()
#4 /var/www/html/framework/web/CController.php(309): CInlineAction->runWithParams(Array)
#5 /var/www/html/framework/web/CController.php(287): CController->runAction(Object(CInlineAction))
#6 /var/www/html/framework/web/CController.php(266): CController->runActionWithFilters(Object(CInlineAction), Array)
#7 /var/www/html/framework/web/CWebApplication.php(283): CController->run('submit')
#8 /var/www/html/framework/web/CWebApplication.php(142): CWebApplication->runController('feed/submit')
#9 /var/www/html/framework/base/CApplication.php(162): CWebApplication->processRequest()
#10 /var/www/html/index.php(14): CApplication->run()
#11 {main}
REQUEST_URI=/index.php?r=feed/submit
HTTP_REFERER=http://localhost/index.php?r=feed/index&id=3
---
2013/03/08 04:57:51 [error] [php] Invalid argument supplied for foreach() (/var/www/html/protected/controllers/FeedController.php:84)
Stack trace:
#0 /var/www/html/framework/web/CController.php(287): FeedController->runAction()
#1 /var/www/html/framework/web/CController.php(266): FeedController->runActionWithFilters()
#2 /var/www/html/framework/web/CWebApplication.php(283): FeedController->run()
#3 /var/www/html/framework/web/CWebApplication.php(142): CWebApplication->runController()
#4 /var/www/html/framework/base/CApplication.php(162): CWebApplication->processRequest()
#5 /var/www/html/index.php(14): CWebApplication->run()
REQUEST_URI=/index.php?r=feed/submit
in /var/www/html/protected/controllers/FeedController.php (84)
in /var/www/html/index.php (14)
2013/03/08 05:12:16 [error] [php] Invalid argument supplied for foreach() (/var/www/html/protected/controllers/FeedController.php:84)
Stack trace:
#0 /var/www/html/framework/web/CController.php(287): FeedController->runAction()
#1 /var/www/html/framework/web/CController.php(266): FeedController->runActionWithFilters()
#2 /var/www/html/framework/web/CWebApplication.php(283): FeedController->run()
#3 /var/www/html/framework/web/CWebApplication.php(142): CWebApplication->runController()
#4 /var/www/html/framework/base/CApplication.php(162): CWebApplication->processRequest()
#5 /var/www/html/index.php(14): CWebApplication->run()
REQUEST_URI=/index.php?r=feed/submit
in /var/www/html/protected/controllers/FeedController.php (84)
in /var/www/html/index.php (14)
2013/03/08 05:12:40 [error] [php] Invalid argument supplied for foreach() (/var/www/html/protected/controllers/FeedController.php:84)
Stack trace:
#0 /var/www/html/framework/web/CController.php(287): FeedController->runAction()
#1 /var/www/html/framework/web/CController.php(266): FeedController->runActionWithFilters()
#2 /var/www/html/framework/web/CWebApplication.php(283): FeedController->run()
#3 /var/www/html/framework/web/CWebApplication.php(142): CWebApplication->runController()
#4 /var/www/html/framework/base/CApplication.php(162): CWebApplication->processRequest()
#5 /var/www/html/index.php(14): CWebApplication->run()
REQUEST_URI=/index.php?r=feed/submit
in /var/www/html/protected/controllers/FeedController.php (84)
in /var/www/html/index.php (14)
2013/03/08 05:15:23 [error] [php] Invalid argument supplied for foreach() (/var/www/html/protected/controllers/FeedController.php:96)
Stack trace:
#0 /var/www/html/framework/web/CController.php(287): FeedController->runAction()
#1 /var/www/html/framework/web/CController.php(266): FeedController->runActionWithFilters()
#2 /var/www/html/framework/web/CWebApplication.php(283): FeedController->run()
#3 /var/www/html/framework/web/CWebApplication.php(142): CWebApplication->runController()
#4 /var/www/html/framework/base/CApplication.php(162): CWebApplication->processRequest()
#5 /var/www/html/index.php(14): CWebApplication->run()
REQUEST_URI=/index.php?r=feed/submit
in /var/www/html/protected/controllers/FeedController.php (96)
in /var/www/html/index.php (14)
2013/03/08 05:16:21 [error] [php] Invalid argument supplied for foreach() (/var/www/html/protected/controllers/FeedController.php:96)
Stack trace:
#0 /var/www/html/framework/web/CController.php(287): FeedController->runAction()
#1 /var/www/html/framework/web/CController.php(266): FeedController->runActionWithFilters()
#2 /var/www/html/framework/web/CWebApplication.php(283): FeedController->run()
#3 /var/www/html/framework/web/CWebApplication.php(142): CWebApplication->runController()
#4 /var/www/html/framework/base/CApplication.php(162): CWebApplication->processRequest()
#5 /var/www/html/index.php(14): CWebApplication->run()
REQUEST_URI=/index.php?r=feed/submit
in /var/www/html/protected/controllers/FeedController.php (96)
in /var/www/html/index.php (14)
2013/03/08 05:17:18 [error] [php] Invalid argument supplied for foreach() (/var/www/html/protected/controllers/FeedController.php:96)
Stack trace:
#0 /var/www/html/framework/web/CController.php(287): FeedController->runAction()
#1 /var/www/html/framework/web/CController.php(266): FeedController->runActionWithFilters()
#2 /var/www/html/framework/web/CWebApplication.php(283): FeedController->run()
#3 /var/www/html/framework/web/CWebApplication.php(142): CWebApplication->runController()
#4 /var/www/html/framework/base/CApplication.php(162): CWebApplication->processRequest()
#5 /var/www/html/index.php(14): CWebApplication->run()
REQUEST_URI=/index.php?r=feed/submit
in /var/www/html/protected/controllers/FeedController.php (96)
in /var/www/html/index.php (14)
2013/03/08 05:17:51 [error] [php] Invalid argument supplied for foreach() (/var/www/html/protected/controllers/FeedController.php:96)
Stack trace:
#0 /var/www/html/framework/web/CController.php(287): FeedController->runAction()
#1 /var/www/html/framework/web/CController.php(266): FeedController->runActionWithFilters()
#2 /var/www/html/framework/web/CWebApplication.php(283): FeedController->run()
#3 /var/www/html/framework/web/CWebApplication.php(142): CWebApplication->runController()
#4 /var/www/html/framework/base/CApplication.php(162): CWebApplication->processRequest()
#5 /var/www/html/index.php(14): CWebApplication->run()
REQUEST_URI=/index.php?r=feed/submit
in /var/www/html/protected/controllers/FeedController.php (96)
in /var/www/html/index.php (14)
2013/03/08 05:18:18 [error] [php] Invalid argument supplied for foreach() (/var/www/html/protected/controllers/FeedController.php:97)
Stack trace:
#0 /var/www/html/framework/web/CController.php(287): FeedController->runAction()
#1 /var/www/html/framework/web/CController.php(266): FeedController->runActionWithFilters()
#2 /var/www/html/framework/web/CWebApplication.php(283): FeedController->run()
#3 /var/www/html/framework/web/CWebApplication.php(142): CWebApplication->runController()
#4 /var/www/html/framework/base/CApplication.php(162): CWebApplication->processRequest()
#5 /var/www/html/index.php(14): CWebApplication->run()
REQUEST_URI=/index.php?r=feed/submit
in /var/www/html/protected/controllers/FeedController.php (97)
in /var/www/html/index.php (14)
2013/03/08 05:37:46 [error] [exception.CHttpException.403] exception 'CHttpException' with message 'You are not authorized to perform this action.' in /var/www/html/framework/web/auth/CAccessControlFilter.php:170
Stack trace:
#0 /var/www/html/framework/web/auth/CAccessControlFilter.php(133): CAccessControlFilter->accessDenied(Object(CWebUser), 'You are not aut...')
#1 /var/www/html/framework/web/filters/CFilter.php(39): CAccessControlFilter->preFilter(Object(CFilterChain))
#2 /var/www/html/framework/web/CController.php(1146): CFilter->filter(Object(CFilterChain))
#3 /var/www/html/framework/web/filters/CInlineFilter.php(59): CController->filterAccessControl(Object(CFilterChain))
#4 /var/www/html/framework/web/filters/CFilterChain.php(131): CInlineFilter->filter(Object(CFilterChain))
#5 /var/www/html/framework/web/CController.php(292): CFilterChain->run()
#6 /var/www/html/framework/web/CController.php(266): CController->runActionWithFilters(Object(CInlineAction), Array)
#7 /var/www/html/framework/web/CWebApplication.php(283): CController->run('')
#8 /var/www/html/framework/web/CWebApplication.php(142): CWebApplication->runController('feed')
#9 /var/www/html/framework/base/CApplication.php(162): CWebApplication->processRequest()
#10 /var/www/html/index.php(14): CApplication->run()
#11 {main}
REQUEST_URI=/index.php?r=feed
HTTP_REFERER=http://localhost/index.php?r=site/login
---
2013/03/08 05:40:08 [error] [exception.CHttpException.403] exception 'CHttpException' with message 'You are not authorized to perform this action.' in /var/www/html/framework/web/auth/CAccessControlFilter.php:170
Stack trace:
#0 /var/www/html/framework/web/auth/CAccessControlFilter.php(133): CAccessControlFilter->accessDenied(Object(CWebUser), 'You are not aut...')
#1 /var/www/html/framework/web/filters/CFilter.php(39): CAccessControlFilter->preFilter(Object(CFilterChain))
#2 /var/www/html/framework/web/CController.php(1146): CFilter->filter(Object(CFilterChain))
#3 /var/www/html/framework/web/filters/CInlineFilter.php(59): CController->filterAccessControl(Object(CFilterChain))
#4 /var/www/html/framework/web/filters/CFilterChain.php(131): CInlineFilter->filter(Object(CFilterChain))
#5 /var/www/html/framework/web/CController.php(292): CFilterChain->run()
#6 /var/www/html/framework/web/CController.php(266): CController->runActionWithFilters(Object(CInlineAction), Array)
#7 /var/www/html/framework/web/CWebApplication.php(283): CController->run('')
#8 /var/www/html/framework/web/CWebApplication.php(142): CWebApplication->runController('links')
#9 /var/www/html/framework/base/CApplication.php(162): CWebApplication->processRequest()
#10 /var/www/html/index.php(14): CApplication->run()
#11 {main}
REQUEST_URI=/index.php?r=links
HTTP_REFERER=http://localhost/index.php?r=site/login
---
2013/03/08 05:40:18 [error] [exception.CHttpException.403] exception 'CHttpException' with message 'You are not authorized to perform this action.' in /var/www/html/framework/web/auth/CAccessControlFilter.php:170
Stack trace:
#0 /var/www/html/framework/web/auth/CAccessControlFilter.php(133): CAccessControlFilter->accessDenied(Object(CWebUser), 'You are not aut...')
#1 /var/www/html/framework/web/filters/CFilter.php(39): CAccessControlFilter->preFilter(Object(CFilterChain))
#2 /var/www/html/framework/web/CController.php(1146): CFilter->filter(Object(CFilterChain))
#3 /var/www/html/framework/web/filters/CInlineFilter.php(59): CController->filterAccessControl(Object(CFilterChain))
#4 /var/www/html/framework/web/filters/CFilterChain.php(131): CInlineFilter->filter(Object(CFilterChain))
#5 /var/www/html/framework/web/CController.php(292): CFilterChain->run()
#6 /var/www/html/framework/web/CController.php(266): CController->runActionWithFilters(Object(CInlineAction), Array)
#7 /var/www/html/framework/web/CWebApplication.php(283): CController->run('')
#8 /var/www/html/framework/web/CWebApplication.php(142): CWebApplication->runController('categories')
#9 /var/www/html/framework/base/CApplication.php(162): CWebApplication->processRequest()
#10 /var/www/html/index.php(14): CApplication->run()
#11 {main}
REQUEST_URI=/index.php?r=categories
HTTP_REFERER=http://localhost/index.php?r=links
---
